# Logfile created on 2014-03-07 13:23:33 -0500 by logger.rb/44203
I, [2014-03-07T13:23:33.227585 #63504]  INFO -- : 0:  rake (10.1.1) from /Users/danielfenjves/.rvm/gems/ruby-2.1.0/specifications/rake-10.1.1.gemspec
I, [2014-03-07T13:23:33.227931 #63504]  INFO -- : 0:  i18n (0.6.9) from /Users/danielfenjves/.rvm/gems/ruby-2.1.0/specifications/i18n-0.6.9.gemspec
I, [2014-03-07T13:23:33.228191 #63504]  INFO -- : 0:  minitest (4.7.5) from /Users/danielfenjves/.rvm/rubies/ruby-2.1.0/lib/ruby/gems/2.1.0/specifications/default/minitest-4.7.5.gemspec
I, [2014-03-07T13:23:34.679001 #63504]  INFO -- : 0:  multi_json (1.8.2) from /Users/danielfenjves/.rvm/gems/ruby-2.1.0/specifications/multi_json-1.8.2.gemspec
I, [2014-03-07T13:23:34.679326 #63504]  INFO -- : 0:  atomic (1.1.15) from /Users/danielfenjves/.rvm/gems/ruby-2.1.0/specifications/atomic-1.1.15.gemspec
I, [2014-03-07T13:23:34.679533 #63504]  INFO -- : 0:  thread_safe (0.2.0) from /Users/danielfenjves/.rvm/gems/ruby-2.1.0/specifications/thread_safe-0.2.0.gemspec
I, [2014-03-07T13:23:34.679704 #63504]  INFO -- : 0:  tzinfo (0.3.38) from /Users/danielfenjves/.rvm/gems/ruby-2.1.0/specifications/tzinfo-0.3.38.gemspec
I, [2014-03-07T13:23:34.679900 #63504]  INFO -- : 0:  activesupport (4.0.3) from /Users/danielfenjves/.rvm/gems/ruby-2.1.0/specifications/activesupport-4.0.3.gemspec
I, [2014-03-07T13:23:34.680084 #63504]  INFO -- : 0:  builder (3.1.4) from /Users/danielfenjves/.rvm/gems/ruby-2.1.0/specifications/builder-3.1.4.gemspec
I, [2014-03-07T13:23:34.680272 #63504]  INFO -- : 0:  activemodel (4.0.3) from /Users/danielfenjves/.rvm/gems/ruby-2.1.0/specifications/activemodel-4.0.3.gemspec
I, [2014-03-07T13:23:34.680459 #63504]  INFO -- : 0:  activerecord-deprecated_finders (1.0.3) from /Users/danielfenjves/.rvm/gems/ruby-2.1.0/specifications/activerecord-deprecated_finders-1.0.3.gemspec
I, [2014-03-07T13:23:34.680628 #63504]  INFO -- : 0:  arel (4.0.2) from /Users/danielfenjves/.rvm/gems/ruby-2.1.0/specifications/arel-4.0.2.gemspec
I, [2014-03-07T13:23:34.680799 #63504]  INFO -- : 0:  activerecord (4.0.3) from /Users/danielfenjves/.rvm/gems/ruby-2.1.0/specifications/activerecord-4.0.3.gemspec
I, [2014-03-07T13:23:34.680952 #63504]  INFO -- : 0:  bond (0.4.3) from /Users/danielfenjves/.rvm/gems/ruby-2.1.0/specifications/bond-0.4.3.gemspec
I, [2014-03-07T13:23:34.681121 #63504]  INFO -- : 0:  mime-types (2.1) from /Users/danielfenjves/.rvm/gems/ruby-2.1.0/specifications/mime-types-2.1.gemspec
I, [2014-03-07T13:23:34.681285 #63504]  INFO -- : 0:  mini_portile (0.5.2) from /Users/danielfenjves/.rvm/gems/ruby-2.1.0/specifications/mini_portile-0.5.2.gemspec
I, [2014-03-07T13:24:34.336055 #63504]  INFO -- : 0:  nokogiri (1.6.0) from /Users/danielfenjves/.rvm/gems/ruby-2.1.0/specifications/nokogiri-1.6.0.gemspec
I, [2014-03-07T13:24:34.336460 #63504]  INFO -- : 0:  rack (1.5.2) from /Users/danielfenjves/.rvm/gems/ruby-2.1.0/specifications/rack-1.5.2.gemspec
I, [2014-03-07T13:24:34.336665 #63504]  INFO -- : 0:  rack-test (0.6.2) from /Users/danielfenjves/.rvm/gems/ruby-2.1.0/specifications/rack-test-0.6.2.gemspec
I, [2014-03-07T13:24:34.336850 #63504]  INFO -- : 0:  xpath (2.0.0) from /Users/danielfenjves/.rvm/gems/ruby-2.1.0/specifications/xpath-2.0.0.gemspec
I, [2014-03-07T13:24:34.337029 #63504]  INFO -- : 0:  capybara (2.2.1) from /Users/danielfenjves/.rvm/gems/ruby-2.1.0/specifications/capybara-2.2.1.gemspec
I, [2014-03-07T13:24:34.904112 #63504]  INFO -- : 0:  timers (1.1.0) from /Users/danielfenjves/.rvm/gems/ruby-2.1.0/specifications/timers-1.1.0.gemspec
I, [2014-03-07T13:24:36.514242 #63504]  INFO -- : 0:  celluloid (0.15.2) from /Users/danielfenjves/.rvm/gems/ruby-2.1.0/specifications/celluloid-0.15.2.gemspec
I, [2014-03-07T13:24:36.514585 #63504]  INFO -- : 0:  coderay (1.0.9) from /Users/danielfenjves/.rvm/gems/ruby-2.1.0/specifications/coderay-1.0.9.gemspec
I, [2014-03-07T13:24:36.514803 #63504]  INFO -- : 0:  daemons (1.1.9) from /Users/danielfenjves/.rvm/gems/ruby-2.1.0/specifications/daemons-1.1.9.gemspec
I, [2014-03-07T13:24:36.614565 #63504]  INFO -- : 0:  database_cleaner (1.2.0) from /Users/danielfenjves/.rvm/gems/ruby-2.1.0/bundler/gems/database_cleaner-35bd646903fc/database_cleaner.gemspec
I, [2014-03-07T13:24:37.673849 #63504]  INFO -- : 0:  diff-lcs (1.2.4) from /Users/danielfenjves/.rvm/gems/ruby-2.1.0/specifications/diff-lcs-1.2.4.gemspec
I, [2014-03-07T13:24:37.674118 #63504]  INFO -- : 0:  eventmachine (1.0.3) from /Users/danielfenjves/.rvm/gems/ruby-2.1.0/specifications/eventmachine-1.0.3.gemspec
I, [2014-03-07T13:24:41.784909 #63504]  INFO -- : 0:  ffi (1.9.0) from /Users/danielfenjves/.rvm/gems/ruby-2.1.0/specifications/ffi-1.9.0.gemspec
I, [2014-03-07T13:24:42.382038 #63504]  INFO -- : 0:  formatador (0.2.4) from /Users/danielfenjves/.rvm/gems/ruby-2.1.0/specifications/formatador-0.2.4.gemspec
I, [2014-03-07T13:24:43.024579 #63504]  INFO -- : 0:  rb-fsevent (0.9.3) from /Users/danielfenjves/.rvm/gems/ruby-2.1.0/specifications/rb-fsevent-0.9.3.gemspec
I, [2014-03-07T13:24:43.804354 #63504]  INFO -- : 0:  rb-inotify (0.9.2) from /Users/danielfenjves/.rvm/gems/ruby-2.1.0/specifications/rb-inotify-0.9.2.gemspec
I, [2014-03-07T13:24:44.714910 #63504]  INFO -- : 0:  listen (2.1.1) from /Users/danielfenjves/.rvm/gems/ruby-2.1.0/specifications/listen-2.1.1.gemspec
I, [2014-03-07T13:24:45.435405 #63504]  INFO -- : 0:  lumberjack (1.0.4) from /Users/danielfenjves/.rvm/gems/ruby-2.1.0/specifications/lumberjack-1.0.4.gemspec
I, [2014-03-07T13:24:45.435698 #63504]  INFO -- : 0:  method_source (0.8.2) from /Users/danielfenjves/.rvm/gems/ruby-2.1.0/specifications/method_source-0.8.2.gemspec
I, [2014-03-07T13:24:45.435912 #63504]  INFO -- : 0:  slop (3.4.6) from /Users/danielfenjves/.rvm/gems/ruby-2.1.0/specifications/slop-3.4.6.gemspec
I, [2014-03-07T13:24:45.436121 #63504]  INFO -- : 0:  pry (0.9.12.2) from /Users/danielfenjves/.rvm/gems/ruby-2.1.0/specifications/pry-0.9.12.2.gemspec
I, [2014-03-07T13:24:45.436322 #63504]  INFO -- : 0:  thor (0.18.1) from /Users/danielfenjves/.rvm/gems/ruby-2.1.0/specifications/thor-0.18.1.gemspec
I, [2014-03-07T13:24:47.039156 #63504]  INFO -- : 0:  guard (2.2.2) from /Users/danielfenjves/.rvm/gems/ruby-2.1.0/specifications/guard-2.2.2.gemspec
I, [2014-03-07T13:24:48.511959 #63504]  INFO -- : 0:  rspec-core (2.14.6) from /Users/danielfenjves/.rvm/gems/ruby-2.1.0/specifications/rspec-core-2.14.6.gemspec
I, [2014-03-07T13:24:49.678427 #63504]  INFO -- : 0:  rspec-expectations (2.14.3) from /Users/danielfenjves/.rvm/gems/ruby-2.1.0/specifications/rspec-expectations-2.14.3.gemspec
I, [2014-03-07T13:24:49.678730 #63504]  INFO -- : 0:  rspec-mocks (2.14.4) from /Users/danielfenjves/.rvm/gems/ruby-2.1.0/specifications/rspec-mocks-2.14.4.gemspec
I, [2014-03-07T13:24:49.678907 #63504]  INFO -- : 0:  rspec (2.14.1) from /Users/danielfenjves/.rvm/gems/ruby-2.1.0/specifications/rspec-2.14.1.gemspec
I, [2014-03-07T13:24:50.475836 #63504]  INFO -- : 0:  guard-rspec (4.0.3) from /Users/danielfenjves/.rvm/gems/ruby-2.1.0/specifications/guard-rspec-4.0.3.gemspec
I, [2014-03-07T13:24:50.476129 #63504]  INFO -- : 0:  json (1.8.1) from /Users/danielfenjves/.rvm/rubies/ruby-2.1.0/lib/ruby/gems/2.1.0/specifications/default/json-1.8.1.gemspec
I, [2014-03-07T13:24:51.581486 #63504]  INFO -- : 0:  rack-protection (1.5.1) from /Users/danielfenjves/.rvm/gems/ruby-2.1.0/specifications/rack-protection-1.5.1.gemspec
I, [2014-03-07T13:24:52.479685 #63504]  INFO -- : 0:  require_all (1.3.2) from /Users/danielfenjves/.rvm/gems/ruby-2.1.0/specifications/require_all-1.3.2.gemspec
I, [2014-03-07T13:24:52.479958 #63504]  INFO -- : 0:  ripl (0.7.0) from /Users/danielfenjves/.rvm/gems/ruby-2.1.0/specifications/ripl-0.7.0.gemspec
I, [2014-03-07T13:24:52.480155 #63504]  INFO -- : 0:  ripl-multi_line (0.3.1) from /Users/danielfenjves/.rvm/gems/ruby-2.1.0/specifications/ripl-multi_line-0.3.1.gemspec
I, [2014-03-07T13:24:52.480349 #63504]  INFO -- : 0:  ripl-rack (0.2.1) from /Users/danielfenjves/.rvm/gems/ruby-2.1.0/specifications/ripl-rack-0.2.1.gemspec
I, [2014-03-07T13:24:52.480537 #63504]  INFO -- : 0:  shotgun (0.9) from /Users/danielfenjves/.rvm/gems/ruby-2.1.0/specifications/shotgun-0.9.gemspec
I, [2014-03-07T13:24:53.476088 #63504]  INFO -- : 0:  simplecov-html (0.7.1) from /Users/danielfenjves/.rvm/gems/ruby-2.1.0/specifications/simplecov-html-0.7.1.gemspec
I, [2014-03-07T13:24:54.108965 #63504]  INFO -- : 0:  simplecov (0.7.1) from /Users/danielfenjves/.rvm/gems/ruby-2.1.0/specifications/simplecov-0.7.1.gemspec
I, [2014-03-07T13:24:54.109225 #63504]  INFO -- : 0:  tilt (1.4.1) from /Users/danielfenjves/.rvm/gems/ruby-2.1.0/specifications/tilt-1.4.1.gemspec
I, [2014-03-07T13:24:54.109416 #63504]  INFO -- : 0:  sinatra (1.4.4) from /Users/danielfenjves/.rvm/gems/ruby-2.1.0/specifications/sinatra-1.4.4.gemspec
I, [2014-03-07T13:24:54.109598 #63504]  INFO -- : 0:  sinatra-activerecord (1.4.0) from /Users/danielfenjves/.rvm/gems/ruby-2.1.0/specifications/sinatra-activerecord-1.4.0.gemspec
I, [2014-03-07T13:24:54.109862 #63504]  INFO -- : 0:  sqlite3 (1.3.8) from /Users/danielfenjves/.rvm/gems/ruby-2.1.0/specifications/sqlite3-1.3.8.gemspec
I, [2014-03-07T13:24:55.338805 #63504]  INFO -- : 0:  terminal-notifier-guard (1.5.3) from /Users/danielfenjves/.rvm/gems/ruby-2.1.0/specifications/terminal-notifier-guard-1.5.3.gemspec
I, [2014-03-07T13:24:55.339063 #63504]  INFO -- : 0:  thin (1.6.2) from /Users/danielfenjves/.rvm/gems/ruby-2.1.0/specifications/thin-1.6.2.gemspec
I, [2014-03-07T13:24:55.339246 #63504]  INFO -- : 0:  tux (0.3.0) from /Users/danielfenjves/.rvm/gems/ruby-2.1.0/specifications/tux-0.3.0.gemspec
I, [2014-03-07T13:24:55.339416 #63504]  INFO -- : 0:  bundler (1.5.1) from /Users/danielfenjves/.rvm/gems/ruby-2.1.0@global/specifications/bundler-1.5.1.gemspec
